Can it nhat 86 dia
Dia 1: 176 34 381 95 398 255 
         Con trong: 10
Dia 2: 126 387 170 156 
         Con trong: 10
Dia 3: 84 276 45 
         Con trong: 10
Dia 4: 33 46 54 
         Con trong: 10
Dia 5: 258 233 382 
         Con trong: 20
Dia 6: 37 122 192 
         Con trong: 10
Dia 7: 205 15 135 
         Con trong: 10
Dia 8: 392 400 124 
         Con trong: 10
Dia 9: 61 92 146 
         Con trong: 10
Dia 10: 353 150 81 
         Con trong: 10
Dia 11: 238 229 362 
         Con trong: 10
Dia 12: 390 299 203 
         Con trong: 10
Dia 13: 289 295 17 
         Con trong: 10
Dia 14: 340 216 249 
         Con trong: 10
Dia 15: 394 173 356 
         Con trong: 10
Dia 16: 111 315 267 
         Con trong: 10
Dia 17: 341 384 304 
         Con trong: 20
Dia 18: 368 22 302 56 
         Con trong: 10
Dia 19: 194 247 44 
         Con trong: 10
Dia 20: 8 349 57 
         Con trong: 20
Dia 21: 36 74 242 
         Con trong: 10
Dia 22: 246 152 162 
         Con trong: 20
Dia 23: 243 307 270 
         Con trong: 30
Dia 24: 399 308 212 
         Con trong: 10
Dia 25: 318 123 70 
         Con trong: 10
Dia 26: 38 91 198 
         Con trong: 20
Dia 27: 169 100 334 
         Con trong: 10
Dia 28: 52 2 219 
         Con trong: 20
Dia 29: 101 130 184 
         Con trong: 20
Dia 30: 321 311 202 
         Con trong: 10
Dia 31: 257 14 179 
         Con trong: 10
Dia 32: 104 206 370 
         Con trong: 20
Dia 33: 185 325 129 
         Con trong: 10
Dia 34: 7 115 29 
         Con trong: 20
Dia 35: 254 271 39 
         Con trong: 10
Dia 36: 143 151 40 
         Con trong: 10
Dia 37: 65 245 377 
         Con trong: 10
Dia 38: 391 332 317 
         Con trong: 10
Dia 39: 200 227 281 
         Con trong: 10
Dia 40: 269 383 366 159 
         Con trong: 10
Dia 41: 313 160 98 290 
         Con trong: 20
Dia 42: 297 209 301 
         Con trong: 10
Dia 43: 134 145 187 
         Con trong: 10
Dia 44: 352 351 367 
         Con trong: 10
Dia 45: 117 76 157 
         Con trong: 10
Dia 46: 164 93 107 380 110 
         Con trong: 10
Dia 47: 232 272 273 235 
         Con trong: 10
Dia 48: 331 140 364 53 
         Con trong: 10
Dia 49: 278 166 262 119 
         Con trong: 10
Dia 50: 211 220 18 148 
         Con trong: 10
Dia 51: 218 279 60 395 
         Con trong: 10
Dia 52: 348 310 264 97 
         Con trong: 10
Dia 53: 221 323 244 5 
         Con trong: 10
Dia 54: 372 328 83 298 
         Con trong: 10
Dia 55: 32 306 183 344 
         Con trong: 10
Dia 56: 230 59 19 287 
         Con trong: 10
Dia 57: 109 49 106 237 
         Con trong: 10
Dia 58: 339 133 63 42 
         Con trong: 10
Dia 59: 167 35 327 131 
         Con trong: 10
Dia 60: 21 112 180 137 
         Con trong: 10
Dia 61: 138 277 66 31 
         Con trong: 10
Dia 62: 108 67 336 363 
         Con trong: 20
Dia 63: 365 80 240 51 
         Con trong: 30
Dia 64: 345 86 120 239 
         Con trong: 10
Dia 65: 43 226 193 182 
         Con trong: 10
Dia 66: 314 174 388 369 250 
         Con trong: 30
Dia 67: 266 274 291 347 4 
         Con trong: 10
Dia 68: 222 154 371 11 263 
         Con trong: 20
Dia 69: 105 207 20 25 215 
         Con trong: 10
Dia 70: 13 241 326 58 190 
         Con trong: 10
Dia 71: 113 201 103 265 275 
         Con trong: 10
Dia 72: 213 283 118 26 12 228 
         Con trong: 10
Dia 73: 48 379 87 324 259 3 
         Con trong: 20
Dia 74: 350 77 354 175 210 196 
         Con trong: 10
Dia 75: 284 231 305 72 155 296 
         Con trong: 20
Dia 76: 285 346 361 121 195 16 
         Con trong: 10
Dia 77: 282 127 357 303 385 373 
         Con trong: 30
Dia 78: 256 47 89 139 94 128 168 
         Con trong: 10
Dia 79: 62 338 386 149 251 358 378 68 
         Con trong: 10
Dia 80: 389 50 172 6 161 319 147 322 
         Con trong: 10
Dia 81: 90 208 360 214 141 116 189 136 75 
         Con trong: 20
Dia 82: 181 125 24 329 359 1 248 27 225 
         Con trong: 30
Dia 83: 88 177 41 224 288 286 343 69 300 163 178 
         Con trong: 20
Dia 84: 144 55 335 294 30 396 355 78 64 99 280 10 
         Con trong: 20
Dia 85: 199 261 217 153 292 71 114 309 188 191 253 376 268 165 397 85 
         Con trong: 10
Dia 86: 375 223 252 197 73 316 393 102 260 374 142 342 337 28 320 312 234 293 236 132 96 171 333 204 82 23 158 330 79 186 9 
         Con trong: 60
Dung luong hao phi 0.82 %